[2019-11-22 14:12:22] [INFO] :: Log file created - C:\Users\Luv Iyer\My Tresors\Penn\Senior Design\Watch Data\Initial Dump2\2019-11-22 14-00-00.log
[2019-11-22 14:12:22] [INFO] :: MQTT MESSAGE: 
	Topic   : /PRECISE/IoMT/GearFit2/Data/c5c1928d-72ac-4dbc-8ff3-01cdc43f72f6/HR 
	Message : 2151404 1576149791516 
2149975 1576149791568 
2148463 1576149791616 
2148065 1576149791677 
2149569 1576149791716 
2151764 1576149791768 
2153129 1576149791816 
2152648 1576149791868 
2149380 1576149791915 
2143720 1576149791968 
2137662 1576149792016 
2135969 1576149792067 
2138324 1576149792115 
2142802 1576149792167 
2147551 1576149792215 
2153529 1576149792266 
2158853 1576149792315 
2164895 1576149792367 
2170089 1576149792415 
2173389 1576149792469 

[2019-11-22 14:12:23] [INFO] :: MQTT MESSAGE: 
	Topic   : /PRECISE/IoMT/GearFit2/Data/c5c1928d-72ac-4dbc-8ff3-01cdc43f72f6/HR 
	Message : 2173630 1576149792515 
2173297 1576149792567 
2172864 1576149792617 
2172830 1576149792677 
2172343 1576149792724 
2171518 1576149792767 
2171234 1576149792814 
2172721 1576149792868 
2174626 1576149792915 
2177233 1576149792977 
2177972 1576149793014 
2177471 1576149793067 
2177107 1576149793114 
2177202 1576149793166 
2176882 1576149793214 
2176411 1576149793266 
2175247 1576149793315 
2174056 1576149793366 
2173131 1576149793413 
2171949 1576149793466 

[2019-11-22 14:12:24] [INFO] :: MQTT MESSAGE: 
	Topic   : /PRECISE/IoMT/GearFit2/Data/c5c1928d-72ac-4dbc-8ff3-01cdc43f72f6/HR 
	Message : 2170703 1576149793516 
2168409 1576149793566 
2163818 1576149793619 
2158658 1576149793667 
2154574 1576149793714 
2151258 1576149793769 
2148028 1576149793815 
2144923 1576149793867 
2141967 1576149793913 
2139467 1576149793965 
2136906 1576149794013 
2134207 1576149794065 
2131874 1576149794112 
2129374 1576149794164 
2126922 1576149794212 
2122968 1576149794264 
2118635 1576149794312 
2114408 1576149794364 
2110019 1576149794412 
2105886 1576149794464 

[2019-11-22 14:12:25] [INFO] :: MQTT MESSAGE: 
	Topic   : /PRECISE/IoMT/GearFit2/Data/c5c1928d-72ac-4dbc-8ff3-01cdc43f72f6/HR 
	Message : 2102051 1576149794514 
2098520 1576149794577 
2095138 1576149794615 
2092442 1576149794672 
2089644 1576149794721 
2086883 1576149794765 
2085071 1576149794812 
2083095 1576149794865 
2081511 1576149794912 
2079511 1576149794964 
2075945 1576149795013 
2072628 1576149795064 
2070076 1576149795112 
2068563 1576149795164 
2067384 1576149795212 
2066417 1576149795263 
2065880 1576149795313 
2065603 1576149795364 
2065547 1576149795411 
2065831 1576149795464 

[2019-11-22 14:12:26] [INFO] :: MQTT MESSAGE: 
	Topic   : /PRECISE/IoMT/GearFit2/Data/c5c1928d-72ac-4dbc-8ff3-01cdc43f72f6/HR 
	Message : 2070583 1576149795512 
2084193 1576149795564 
2098574 1576149795616 
2111427 1576149795665 
2120445 1576149795712 
2125355 1576149795764 
2128231 1576149795811 
2130829 1576149795863 
2133561 1576149795911 
2135505 1576149795962 
2138104 1576149796011 
2140811 1576149796063 
2143630 1576149796110 
2146689 1576149796162 
2149578 1576149796210 
2152425 1576149796264 
2154511 1576149796310 
2154944 1576149796362 
2154914 1576149796410 
2155174 1576149796463 

[2019-11-22 14:12:27] [INFO] :: MQTT MESSAGE: 
	Topic   : /PRECISE/IoMT/GearFit2/Data/c5c1928d-72ac-4dbc-8ff3-01cdc43f72f6/HR 
	Message : 2156160 1576149796511 
2157220 1576149796563 
2158151 1576149796614 
2159887 1576149796664 
2162020 1576149796712 
2164091 1576149796762 
2164294 1576149796810 
2162652 1576149796862 
2159718 1576149796910 
2155707 1576149796962 
2151857 1576149797010 
2148769 1576149797061 
2145816 1576149797109 
2142611 1576149797161 
2140182 1576149797209 
2137885 1576149797261 
2138117 1576149797309 
2142298 1576149797361 
2145439 1576149797408 
2147433 1576149797460 

[2019-11-22 14:12:28] [INFO] :: MQTT MESSAGE: 
	Topic   : /PRECISE/IoMT/GearFit2/Data/c5c1928d-72ac-4dbc-8ff3-01cdc43f72f6/HR 
	Message : 2148738 1576149797509 
2148971 1576149797563 
2149059 1576149797611 
2149280 1576149797672 
2148885 1576149797709 
2148630 1576149797762 
2147729 1576149797809 
2146280 1576149797862 
2144352 1576149797908 
2141931 1576149797960 
2139329 1576149798008 
2137505 1576149798060 
2135905 1576149798108 
2135021 1576149798160 
2134088 1576149798208 
2133129 1576149798260 
2131259 1576149798308 
2130167 1576149798359 
2129447 1576149798408 
2128801 1576149798460 

